<?xml version="1.0" encoding="UTF-8" ?>
<testsuite failures="0" time="20.783" errors="0" skipped="0" tests="6" name="org.zengsource.weixin.manager.web.WeixinControllerTest">
  <properties>
[...]
</properties>
  <testcase time="10.193" classname="org.zengsource.weixin.manager.web.WeixinControllerTest" name="test_doPost_Subscribe"/>
  <testcase time="0.548" classname="org.zengsource.weixin.manager.web.WeixinControllerTest" name="test_doPost_Unsubscribe"/>
  <testcase time="0.19" classname="org.zengsource.weixin.manager.web.WeixinControllerTest" name="test_doPost_ReceivingMessage_Admin"/>
  <testcase time="0.345" classname="org.zengsource.weixin.manager.web.WeixinControllerTest" name="test_doPost_ReceivingMessage"/>
  <testcase time="8.68" classname="org.zengsource.weixin.manager.web.WeixinControllerTest" name="test_doPost_BindingAdmin"/>
  <testcase time="0.262" classname="org.zengsource.weixin.manager.web.WeixinControllerTest" name="test_doPost_SendingMessage"/>
</testsuite>